<?xml version="1.0" encoding="UTF-8"?>
<!-- Generated by org.testng.reporters.JUnitXMLReporter -->
<testsuite ignored="2" hostname="MoreVasanthKumar" failures="0" tests="1" name="Default test" time="2.603" errors="0" timestamp="2023-06-23T12:23:39 IST">
  <testcase classname="jsonPayLoads.Courses" name="readJsonDataByExternal1" time="2.529"/>
  <testcase classname="jsonPayLoads.Courses" name="readJsonDataByExternal" time="0.0">
    <ignored/>
  </testcase> <!-- readJsonDataByExternal -->
  <testcase classname="jsonPayLoads.Courses" name="readJsonData" time="0.0">
    <ignored/>
  </testcase> <!-- readJsonData -->
</testsuite> <!-- Default test -->
